2021-12-13 18:44:40,208 [main] INFO QA Pavel - ******** I am a chrome browser*********
2021-12-13 18:44:55,903 [main] INFO QA Pavel - 
2021-12-13 18:44:55,904 [main] INFO QA Pavel - ...........START AUTOMATION.............
2021-12-13 18:44:55,905 [main] INFO QA Pavel - 
2021-12-13 18:44:56,014 [main] INFO QA Pavel - ******** User able to open chrome browser *********
2021-12-13 18:44:56,171 [main] INFO QA Pavel - ******** User able to enter website url *********
2021-12-13 18:44:59,167 [main] INFO QA Pavel - ******** User able to verify the homepage *********
2021-12-13 18:44:59,672 [main] INFO QA Pavel - 
2021-12-13 18:44:59,673 [main] INFO QA Pavel - ...........END AUTOMATION.............
2021-12-13 18:44:59,673 [main] INFO QA Pavel - 
2021-12-13 18:55:10,593 [main] INFO QA Pavel - ******** I am a chrome browser*********
2021-12-13 18:55:23,291 [main] INFO QA Pavel - 
2021-12-13 18:55:23,292 [main] INFO QA Pavel - ...........START AUTOMATION.............
2021-12-13 18:55:23,293 [main] INFO QA Pavel - 
2021-12-13 18:55:23,313 [main] INFO QA Pavel - ******** User able to open chrome browser *********
2021-12-13 18:55:23,400 [main] INFO QA Pavel - ******** User able to enter website url *********
2021-12-13 18:55:35,159 [main] INFO QA Pavel - ******** User able to verify the homepage *********
2021-12-13 18:55:36,320 [main] INFO QA Pavel - 
2021-12-13 18:55:36,321 [main] INFO QA Pavel - ...........END AUTOMATION.............
2021-12-13 18:55:36,323 [main] INFO QA Pavel - 
2021-12-13 18:57:23,222 [main] INFO QA Pavel - ******** I am a chrome browser*********
2021-12-13 18:57:28,014 [main] INFO QA Pavel - 
2021-12-13 18:57:28,016 [main] INFO QA Pavel - ...........START AUTOMATION.............
2021-12-13 18:57:28,017 [main] INFO QA Pavel - 
2021-12-13 18:57:28,042 [main] INFO QA Pavel - ******** User able to open chrome browser *********
2021-12-13 18:57:28,082 [main] INFO QA Pavel - ******** User able to enter website url *********
2021-12-13 18:57:30,407 [main] INFO QA Pavel - ******** User able to verify the homepage *********
2021-12-13 18:57:30,779 [main] INFO QA Pavel - 
2021-12-13 18:57:30,780 [main] INFO QA Pavel - ...........END AUTOMATION.............
2021-12-13 18:57:30,781 [main] INFO QA Pavel - 
